[   22854ms] [ERROR] Failed to load resource: the server responded with a status of 500 (Internal Server Error) @ http://localhost:8002/instruckt/sessions/01KK2BF5XDNEEVBFWE7PVMV2EC/events:0
[   50447ms] TypeError: i.replace is not a function
    at p (http://localhost:8002/vendor/instruckt/instruckt.iife.js:244:3558)
    at w.showNew (http://localhost:8002/vendor/instruckt/instruckt.iife.js:244:4310)
    at HTMLDocument.boundClick (http://localhost:8002/vendor/instruckt/instruckt.iife.js:294:7621)
[   52331ms] TypeError: i.replace is not a function
    at p (http://localhost:8002/vendor/instruckt/instruckt.iife.js:244:3558)
    at w.showNew (http://localhost:8002/vendor/instruckt/instruckt.iife.js:244:4310)
    at HTMLDocument.boundClick (http://localhost:8002/vendor/instruckt/instruckt.iife.js:294:7621)
[   52719ms] TypeError: i.replace is not a function
    at p (http://localhost:8002/vendor/instruckt/instruckt.iife.js:244:3558)
    at w.showNew (http://localhost:8002/vendor/instruckt/instruckt.iife.js:244:4310)
    at HTMLDocument.boundClick (http://localhost:8002/vendor/instruckt/instruckt.iife.js:294:7621)
[   52851ms] TypeError: i.replace is not a function
    at p (http://localhost:8002/vendor/instruckt/instruckt.iife.js:244:3558)
    at w.showNew (http://localhost:8002/vendor/instruckt/instruckt.iife.js:244:4310)
    at HTMLDocument.boundClick (http://localhost:8002/vendor/instruckt/instruckt.iife.js:294:7621)
[   53149ms] [ERROR] Failed to load resource: the server responded with a status of 500 (Internal Server Error) @ http://localhost:8002/instruckt/sessions/01KK2BF5XDNEEVBFWE7PVMV2EC/events:0
[   57400ms] TypeError: i.replace is not a function
    at p (http://localhost:8002/vendor/instruckt/instruckt.iife.js:244:3558)
    at w.showNew (http://localhost:8002/vendor/instruckt/instruckt.iife.js:244:4310)
    at HTMLDocument.boundClick (http://localhost:8002/vendor/instruckt/instruckt.iife.js:294:7621)
[   61470ms] TypeError: i.replace is not a function
    at p (http://localhost:8002/vendor/instruckt/instruckt.iife.js:244:3558)
    at w.showNew (http://localhost:8002/vendor/instruckt/instruckt.iife.js:244:4310)
    at HTMLDocument.boundClick (http://localhost:8002/vendor/instruckt/instruckt.iife.js:294:7621)
